#
# There is insufficient memory for the Java Runtime Environment to continue.
# Native memory allocation (malloc) failed to allocate 316976 bytes for Chunk::new
# Possible reasons:
#   The system is out of physical RAM or swap space
#   In 32 bit mode, the process size limit was hit
# Possible solutions:
#   Reduce memory load on the system
#   Increase physical memory or swap space
#   Check if swap backing store is full
#   Use 64 bit Java on a 64 bit OS
#   Decrease Java heap size (-Xmx/-Xms)
#   Decrease number of Java threads
#   Decrease Java thread stack sizes (-Xss)
#   Set larger code cache with -XX:ReservedCodeCacheSize=
# This output file may be truncated or incomplete.
#
#  Out of Memory Error (allocation.cpp:390), pid=8540, tid=0x0000000000001498
#
# JRE version: Java(TM) SE Runtime Environment (8.0_131-b11) (build 1.8.0_131-b11)
# Java VM: Java HotSpot(TM) 64-Bit Server VM (25.131-b11 mixed mode windows-amd64 compressed oops)
# Failed to write core dump. Minidumps are not enabled by default on client versions of Windows
#

---------------  T H R E A D  ---------------

Current thread (0x00000000062cd000):  JavaThread "C2 CompilerThread0" daemon [_thread_in_native, id=5272, stack(0x0000000007ea0000,0x0000000007fa0000)]

Stack: [0x0000000007ea0000,0x0000000007fa0000]
[error occurred during error reporting (printing stack bounds), id 0xc0000005]

Native frames: (J=compiled Java code, j=interpreted, Vv=VM code, C=native code)


Current CompileTask:
C2:   1287  760       4       com.android.dx.ssa.SsaBasicBlock::forEachInsn (37 bytes)


---------------  P R O C E S S  ---------------

Java Threads: ( => current thread )
  0x000000000799c000 JavaThread "pool-2-thread-3" [_thread_blocked, id=9564, stack(0x0000000008c00000,0x0000000008d00000)]
  0x000000000799a000 JavaThread "pool-3-thread-1" [_thread_blocked, id=7836, stack(0x00000000087f0000,0x00000000088f0000)]
  0x0000000007999000 JavaThread "pool-2-thread-1" [_thread_blocked, id=4844, stack(0x0000000007fd0000,0x00000000080d0000)]
  0x0000000007692000 JavaThread "Service Thread" daemon [_thread_blocked, id=9556, stack(0x0000000008450000,0x0000000008550000)]
  0x000000000768f000 JavaThread "C1 CompilerThread2" daemon [_thread_blocked, id=3652, stack(0x0000000008300000,0x0000000008400000)]
  0x000000000768d000 JavaThread "C2 CompilerThread1" daemon [_thread_blocked, id=9400, stack(0x0000000008130000,0x0000000008230000)]
=>0x00000000062cd000 JavaThread "C2 CompilerThread0" daemon [_thread_in_native, id=5272, stack(0x0000000007ea0000,0x0000000007fa0000)]
  0x000000000767a800 JavaThread "Attach Listener" daemon [_thread_blocked, id=8068, stack(0x0000000007cb0000,0x0000000007db0000)]
  0x00000000062be000 JavaThread "Signal Dispatcher" daemon [_thread_blocked, id=7068, stack(0x0000000007b40000,0x0000000007c40000)]
  0x00000000062a9800 JavaThread "Finalizer" daemon [_thread_blocked, id=8744, stack(0x0000000007570000,0x0000000007670000)]
  0x0000000006262800 JavaThread "Reference Handler" daemon [_thread_blocked, id=9280, stack(0x0000000007410000,0x0000000007510000)]
  0x000000000248f800 JavaThread "main" [_thread_blocked, id=1576, stack(0x00000000025e0000,0x00000000026e0000)]

Other Threads:
  0x000000000625b000 VMThread [stack: 0x0000000007290000,0x0000000007390000] [id=9260]
  0x0000000007713800 WatcherThread [stack: 0x0000000008610000,0x0000000008710000] [id=9352]

VM state:at safepoint (normal execution)

VM Mutex/Monitor currently owned by a thread:  ([mutex/lock_event])
[0x000000000248cc30] Threads_lock - owner thread: 0x000000000625b000
[0x000000000248d130] Heap_lock - owner thread: 0x000000000768f000
[0x000000000248d6b0] MethodData_lock - owner thread: 0x000000000768f000

Heap:
 PSYoungGen      total 36352K, used 15312K [0x00000000eab00000, 0x00000000ed380000, 0x0000000100000000)
  eden space 31232K, 49% used [0x00000000eab00000,0x00000000eb9f4038,0x00000000ec980000)
  from space 5120K, 0% used [0x00000000ece80000,0x00000000ece80000,0x00000000ed380000)
  to   space 5120K, 0% used [0x00000000ec980000,0x00000000ec980000,0x00000000ece80000)
 ParOldGen       total 83456K, used 0K [0x00000000c0000000, 0x00000000c5180000, 0x00000000eab00000)
  object space 83456K, 0% used [0x00000000c0000000,0x00000000c0000000,0x00000000c5180000)
 Metaspace       used 5950K, capacity 6744K, committed 6912K, reserved 1060864K
  class space    used 623K, capacity 656K, committed 768K, reserved 1048576K

Card table byte_map: [0x0000000002bc0000,0x0000000002dd0000] byte_map_base: 0x00000000025c0000

Marking Bits: (ParMarkBitMap*) 0x000000005a70c720
 Begin Bits: [0x00000000036d0000, 0x00000000046d0000)
 End Bits:   [0x00000000046d0000, 0x00000000056d0000)

Polling page: 0x0000000000230000

CodeCache: size=245760Kb used=3451Kb max_used=3451Kb free=242308Kb
 bounds [0x000000000f010000, 0x000000000f380000, 0x000000001e010000]
 total_blobs=1093 nmethods=822 adapters=184
 compilation: enabled

Compilation events (10 events):
Event: 1.268 Thread 0x000000000768f000 nmethod 821 0x000000000f366150 code [0x000000000f366340, 0x000000000f366df8]
Event: 1.268 Thread 0x000000000768f000  822       3       com.android.dx.ssa.SsaMethod$2::visitPhiInsn (6 bytes)
Event: 1.268 Thread 0x000000000768f000 nmethod 822 0x000000000f365dd0 code [0x000000000f365f40, 0x000000000f3660c8]
Event: 1.268 Thread 0x000000000768f000  823       3       com.android.dx.ssa.SsaMethod$1::visitPhiInsn (17 bytes)
Event: 1.268 Thread 0x000000000768f000 nmethod 823 0x000000000f36ef50 code [0x000000000f36f0c0, 0x000000000f36f4b0]
Event: 1.269 Thread 0x000000000768f000  825       3       com.android.dx.ssa.back.IdenticalBlockCombiner::combineBlocks (102 bytes)
Event: 1.269 Thread 0x000000000768f000 nmethod 825 0x000000000f36f650 code [0x000000000f36f820, 0x000000000f3700b8]
Event: 1.269 Thread 0x000000000768f000  826       3       com.android.dx.cf.iface.StdAttributeList::findFirst (44 bytes)
Event: 1.270 Thread 0x000000000768f000 nmethod 826 0x000000000f3704d0 code [0x000000000f370680, 0x000000000f370dd8]
Event: 1.270 Thread 0x000000000768f000  827       3       com.android.dx.rop.type.Type::isCategory2 (36 bytes)

GC Heap History (1 events):
Event: 1.270 GC heap before
{Heap before GC invocations=1 (full 0):
 PSYoungGen      total 36352K, used 15312K [0x00000000eab00000, 0x00000000ed380000, 0x0000000100000000)
  eden space 31232K, 49% used [0x00000000eab00000,0x00000000eb9f4038,0x00000000ec980000)
  from space 5120K, 0% used [0x00000000ece80000,0x00000000ece80000,0x00000000ed380000)
  to   space 5120K, 0% used [0x00000000ec980000,0x00000000ec980000,0x00000000ece80000)
 ParOldGen       total 83456K, used 0K [0x00000000c0000000, 0x00000000c5180000, 0x00000000eab00000)
  object space 83456K, 0% used [0x00000000c0000000,0x00000000c0000000,0x00000000c5180000)
 Metaspace       used 5950K, capacity 6744K, committed 6912K, reserved 1060864K
  class space    used 623K, capacity 656K, committed 768K, reserved 1048576K

Deoptimization events (3 events):
Event: 1.032 Thread 0x0000000007999000 Uncommon trap: reason=unstable_if action=reinterpret pc=0x000000000f22bd4c method=java.util.HashMap.getNode(ILjava/lang/Object;)Ljava/util/HashMap$Node; @ 129
Event: 1.222 Thread 0x0000000007999000 Uncommon trap: reason=class_check action=maybe_recompile pc=0x000000000f289360 method=com.android.dx.ssa.NormalSsaInsn.accept(Lcom/android/dx/ssa/SsaInsn$Visitor;)V @ 9
Event: 1.223 Thread 0x0000000007999000 Uncommon trap: reason=class_check action=maybe_recompile pc=0x000000000f289360 method=com.android.dx.ssa.NormalSsaInsn.accept(Lcom/android/dx/ssa/SsaInsn$Visitor;)V @ 9

Internal exceptions (2 events):
Event: 0.098 Thread 0x000000000248f800 Exception <a 'java/lang/NoSuchMethodError': Method sun.misc.Unsafe.defineClass(Ljava/lang/String;[BII)Ljava/lang/Class; name or signature does not match> (0x00000000eab07ca8) thrown at [C:\re\workspace\8-2-build-windows-amd64-cygwin\jdk8u131\8869\hotspot\
Event: 0.098 Thread 0x000000000248f800 Exception <a 'java/lang/NoSuchMethodError': Method sun.misc.Unsafe.prefetchRead(Ljava/lang/Object;J)V name or signature does not match> (0x00000000eab07f90) thrown at [C:\re\workspace\8-2-build-windows-amd64-cygwin\jdk8u131\8869\hotspot\src\share\vm\prims

Events (10 events):
Event: 1.200 Executing VM operation: ForceSafepoint
Event: 1.201 Executing VM operation: ForceSafepoint done
Event: 1.222 Thread 0x0000000007999000 Uncommon trap: trap_request=0xffffffde fr.pc=0x000000000f289360
Event: 1.223 Thread 0x0000000007999000 DEOPT PACKING pc=0x000000000f289360 sp=0x00000000080ce6b0
Event: 1.223 Thread 0x0000000007999000 DEOPT UNPACKING pc=0x000000000f05582a sp=0x00000000080ce640 mode 2
Event: 1.223 Thread 0x0000000007999000 Uncommon trap: trap_request=0xffffffde fr.pc=0x000000000f289360
Event: 1.223 Thread 0x0000000007999000 DEOPT PACKING pc=0x000000000f289360 sp=0x00000000080ce6b0
Event: 1.223 Thread 0x0000000007999000 DEOPT UNPACKING pc=0x000000000f05582a sp=0x00000000080ce640 mode 2
Event: 1.247 Thread 0x00000000079a3800 Thread exited: 0x00000000079a3800
Event: 1.270 Executing VM operation: CollectForMetadataAllocation


Dynamic libraries:
0x000000013f620000 - 0x000000013f657000 	C:\Program Files\Java\jdk1.8.0_131\bin\java.exe
0x0000000077700000 - 0x00000000778aa000 	C:\Windows\SYSTEM32\ntdll.dll
0x00000000775e0000 - 0x00000000776ff000 	C:\Windows\system32\kernel32.dll
0x000007fefd820000 - 0x000007fefd88a000 	C:\Windows\system32\KERNELBASE.dll
0x000007fefe530000 - 0x000007fefe60b000 	C:\Windows\system32\ADVAPI32.dll
0x000007feff790000 - 0x000007feff82f000 	C:\Windows\system32\msvcrt.dll
0x000007fefe780000 - 0x000007fefe79f000 	C:\Windows\SYSTEM32\sechost.dll
0x000007fefe400000 - 0x000007fefe52d000 	C:\Windows\system32\RPCRT4.dll
0x00000000773a0000 - 0x000000007749a000 	C:\Windows\system32\USER32.dll
0x000007fefd930000 - 0x000007fefd997000 	C:\Windows\system32\GDI32.dll
0x000007fefdad0000 - 0x000007fefdade000 	C:\Windows\system32\LPK.dll
0x000007fefe610000 - 0x000007fefe6db000 	C:\Windows\system32\USP10.dll
0x000007fefbd70000 - 0x000007fefbf64000 	C:\Windows\WinSxS\amd64_microsoft.windows.common-controls_6595b64144ccf1df_6.0.7601.18837_none_fa3b1e3d17594757\COMCTL32.dll
0x000007fefdd40000 - 0x000007fefddb1000 	C:\Windows\system32\SHLWAPI.dll
0x000007fefdb80000 - 0x000007fefdbae000 	C:\Windows\system32\IMM32.DLL
0x000007fefdfb0000 - 0x000007fefe0b9000 	C:\Windows\system32\MSCTF.dll
0x000007fefd3a0000 - 0x000007fefd3d1000 	C:\Windows\system32\nvinitx.dll
0x000007fefd390000 - 0x000007fefd39c000 	C:\Windows\system32\VERSION.dll
0x000000000f000000 - 0x000000000f006000 	C:\Program Files\NVIDIA Corporation\CoProcManager\detoured.dll
0x000007fefaa80000 - 0x000007fefaab1000 	C:\Program Files\NVIDIA Corporation\CoProcManager\nvd3d9wrapx.dll
0x000007fefddd0000 - 0x000007fefdfa7000 	C:\Windows\system32\SETUPAPI.dll
0x000007fefd740000 - 0x000007fefd776000 	C:\Windows\system32\CFGMGR32.dll
0x000007feff930000 - 0x000007feffa0a000 	C:\Windows\system32\OLEAUT32.dll
0x000007fefe800000 - 0x000007fefe9fc000 	C:\Windows\system32\ole32.dll
0x000007fefd490000 - 0x000007fefd4aa000 	C:\Windows\system32\DEVOBJ.dll
0x000007fefaa40000 - 0x000007fefaa62000 	C:\Program Files\NVIDIA Corporation\CoProcManager\nvdxgiwrapx.dll
0x000000006d6f0000 - 0x000000006d7c2000 	C:\Program Files\Java\jdk1.8.0_131\jre\bin\msvcr100.dll
0x0000000059ef0000 - 0x000000005a78c000 	C:\Program Files\Java\jdk1.8.0_131\jre\bin\server\jvm.dll
0x000007fef8b10000 - 0x000007fef8b19000 	C:\Windows\system32\WSOCK32.dll
0x000007fefe320000 - 0x000007fefe36d000 	C:\Windows\system32\WS2_32.dll
0x000007fefddc0000 - 0x000007fefddc8000 	C:\Windows\system32\NSI.dll
0x0000000000460000 - 0x000000000049b000 	C:\Windows\system32\WINMM.dll
0x00000000778d0000 - 0x00000000778d7000 	C:\Windows\system32\PSAPI.DLL
0x00000000739a0000 - 0x00000000739af000 	C:\Program Files\Java\jdk1.8.0_131\jre\bin\verify.dll
0x000000006d6c0000 - 0x000000006d6e9000 	C:\Program Files\Java\jdk1.8.0_131\jre\bin\java.dll
0x000000006cb40000 - 0x000000006cb56000 	C:\Program Files\Java\jdk1.8.0_131\jre\bin\zip.dll
0x000007fefea00000 - 0x000007feff78a000 	C:\Windows\system32\SHELL32.dll
0x000007fefd3e0000 - 0x000007fefd3ef000 	C:\Windows\system32\profapi.dll

VM Arguments:
jvm_args: -Djava.awt.headless=true -Xmx1024M -Dfile.encoding=GBK -Duser.country=CN -Duser.language=zh -Duser.variant 
java_command: com.android.dx.command.Main --dex --force-jumbo --num-threads=4 --multi-dex --output E:\Tools\Android\work2\MyTool\app\build\intermediates\transforms\dex\debug\folders\1000\10\classes_202705f9398f48c33ad45f315ece639f8b3f7d79 C:\Users\Administrator\.android\build-cache\e979317abbd887495219469df754a783f81e45f4\output\jars\classes.jar
java_class_path (initial): E:\Tools\Android\sdk-it\sdk\build-tools\25.0.0\lib\dx.jar
Launcher Type: SUN_STANDARD

Environment Variables:
JAVA_HOME=C:\Program Files\Java\jdk1.7.0_79
CLASSPATH=.;C:\Program Files\Java\jdk1.7.0_79\lib\dt.jar;C:\Program Files\Java\jdk1.7.0_79\lib\tools.jar
PATH=C:\ProgramData\Oracle\Java\javapath;C:\Program Files (x86)\Common Files\NetSarang;C:\Windows\system32;C:\Windows;C:\Windows\System32\Wbem;C:\Windows\System32\WindowsPowerShell\v1.0\;E:\Tools\Android\android-studio1\platform-tools;C:\Program Files\Apache Software Foundation\Tomcat 7.0\bin;E:\MySql\mysql-5.6.29-winx64\bin;C:\Program Files\Java\jdk1.7.0_79\bin;C:\Program Files\Java\jdk1.7.0_79\jre\bin;F:\TOOL\Android\ADT\SDK\adt-bundle-windows-x86_64-20131030\sdkplatform-tools;F:\TOOL\Android\ADT\SDK\adt-bundle-windows-x86_64-20131030\sdk\tools;F:\TOOL\Android\ADT\SDK\adt-bundle-windows-x86_64-20131030\eclipse\plugins\org.apache.ant_1.8.3.v201301120609\bin;;C:\Program Files (x86)\NVIDIA Corporation\PhysX\Common;C:\Program Files\Common Files\Autodesk Shared\;C:\Program Files (x86)\Autodesk\Backburner\;C:\Python27;C:\Program Files\Android\Android Studio1\gradle\bin;E:\Tools\Android\sdk-it\sdk\platform-tools;
USERNAME=Administrator
OS=Windows_NT
PROCESSOR_IDENTIFIER=Intel64 Family 6 Model 42 Stepping 7, GenuineIntel



---------------  S Y S T E M  ---------------

OS: Windows 7 , 64 bit Build 7601 (6.1.7601.23915)

CPU:total 4 (initial active 4) (2 cores per cpu, 2 threads per core) family 6 model 42 stepping 7, cmov, cx8, fxsr, mmx, sse, sse2, sse3, ssse3, sse4.1, sse4.2, popcnt, avx, aes, clmul, ht, tsc, tscinvbit

Memory: 4k page, physical 7968196k(1143372k free), swap 8592740k(4096k free)

vm_info: Java HotSpot(TM) 64-Bit Server VM (25.131-b11) for windows-amd64 JRE (1.8.0_131-b11), built on Mar 15 2017 01:23:53 by "java_re" with MS VC++ 10.0 (VS2010)

time: Mon Nov 13 19:20:20 2017
elapsed time: 1 seconds (0d 0h 0m 1s)

