#
# There is insufficient memory for the Java Runtime Environment to continue.
# Native memory allocation (malloc) failed to allocate 32744 bytes for ChunkPool::allocate
# Possible reasons:
#   The system is out of physical RAM or swap space
#   In 32 bit mode, the process size limit was hit
# Possible solutions:
#   Reduce memory load on the system
#   Increase physical memory or swap space
#   Check if swap backing store is full
#   Use 64 bit Java on a 64 bit OS
#   Decrease Java heap size (-Xmx/-Xms)
#   Decrease number of Java threads
#   Decrease Java thread stack sizes (-Xss)
#   Set larger code cache with -XX:ReservedCodeCacheSize=
# This output file may be truncated or incomplete.
#
#  Out of Memory Error (allocation.cpp:273), pid=9692, tid=0x00000000000026ac
#
# JRE version: Java(TM) SE Runtime Environment (8.0_131-b11) (build 1.8.0_131-b11)
# Java VM: Java HotSpot(TM) 64-Bit Server VM (25.131-b11 mixed mode windows-amd64 compressed oops)
# Failed to write core dump. Minidumps are not enabled by default on client versions of Windows
#

---------------  T H R E A D  ---------------

Current thread (0x00000000061cb000):  JavaThread "C2 CompilerThread0" daemon [_thread_in_vm, id=9900, stack(0x00000000078b0000,0x00000000079b0000)]

Stack: [0x00000000078b0000,0x00000000079b0000]
[error occurred during error reporting (printing stack bounds), id 0xc0000005]

Native frames: (J=compiled Java code, j=interpreted, Vv=VM code, C=native code)


---------------  P R O C E S S  ---------------

Java Threads: ( => current thread )
  0x0000000007506000 JavaThread "C1 CompilerThread2" daemon [_thread_new, id=9920, stack(0x0000000000000000,0x0000000000000000)]
  0x00000000061cf000 JavaThread "C2 CompilerThread1" daemon [_thread_new, id=9904, stack(0x0000000000000000,0x0000000000000000)]
=>0x00000000061cb000 JavaThread "C2 CompilerThread0" daemon [_thread_in_vm, id=9900, stack(0x00000000078b0000,0x00000000079b0000)]
  0x00000000074a8800 JavaThread "Attach Listener" daemon [_thread_new, id=9896, stack(0x0000000000000000,0x0000000000000000)]
  0x00000000061bd800 JavaThread "Signal Dispatcher" daemon [_thread_blocked, id=9892, stack(0x00000000079d0000,0x0000000007ad0000)]
  0x00000000061a9800 JavaThread "Finalizer" daemon [_thread_new, id=9884, stack(0x0000000000000000,0x0000000000000000)]
  0x0000000006162800 JavaThread "Reference Handler" daemon [_thread_blocked, id=9876, stack(0x00000000070c0000,0x00000000071c0000)]
  0x000000000031f800 JavaThread "main" [_thread_in_native, id=9824, stack(0x00000000027c0000,0x00000000028c0000)]

Other Threads:
  0x000000000615b000 VMThread [stack: 0x0000000007280000,0x0000000007380000] [id=9868]

VM state:not at safepoint (normal execution)

VM Mutex/Monitor currently owned by a thread:  ([mutex/lock_event])
[0x000000000031cbb0] Threads_lock - owner thread: 0x000000000031f800

Heap:
 PSYoungGen      total 36352K, used 1249K [0x00000000eab00000, 0x00000000ed380000, 0x0000000100000000)
  eden space 31232K, 4% used [0x00000000eab00000,0x00000000eac38560,0x00000000ec980000)
  from space 5120K, 0% used [0x00000000ece80000,0x00000000ece80000,0x00000000ed380000)
  to   space 5120K, 0% used [0x00000000ec980000,0x00000000ec980000,0x00000000ece80000)
 ParOldGen       total 83456K, used 0K [0x00000000c0000000, 0x00000000c5180000, 0x00000000eab00000)
  object space 83456K, 0% used [0x00000000c0000000,0x00000000c0000000,0x00000000c5180000)
 Metaspace       used 2282K, capacity 4480K, committed 4480K, reserved 1056768K
  class space    used 246K, capacity 384K, committed 384K, reserved 1048576K

Card table byte_map: [0x0000000002c80000,0x0000000002e90000] byte_map_base: 0x0000000002680000

Marking Bits: (ParMarkBitMap*) 0x000000005a70c720
 Begin Bits: [0x00000000035d0000, 0x00000000045d0000)
 End Bits:   [0x00000000045d0000, 0x00000000055d0000)

Polling page: 0x0000000000130000

CodeCache: size=245760Kb used=474Kb max_used=474Kb free=245285Kb
 bounds [0x000000000f010000, 0x000000000f280000, 0x000000001e010000]
 total_blobs=185 nmethods=0 adapters=140
 compilation: enabled

Compilation events (0 events):
No events

GC Heap History (0 events):
No events

Deoptimization events (0 events):
No events

Internal exceptions (2 events):
Event: 0.066 Thread 0x000000000031f800 Exception <a 'java/lang/NoSuchMethodError': Method sun.misc.Unsafe.defineClass(Ljava/lang/String;[BII)Ljava/lang/Class; name or signature does not match> (0x00000000eab07ca8) thrown at [C:\re\workspace\8-2-build-windows-amd64-cygwin\jdk8u131\8869\hotspot\
Event: 0.066 Thread 0x000000000031f800 Exception <a 'java/lang/NoSuchMethodError': Method sun.misc.Unsafe.prefetchRead(Ljava/lang/Object;J)V name or signature does not match> (0x00000000eab07f90) thrown at [C:\re\workspace\8-2-build-windows-amd64-cygwin\jdk8u131\8869\hotspot\src\share\vm\prims

Events (10 events):
Event: 0.165 loading class java/lang/invoke/MethodHandleImpl$2
Event: 0.165 loading class java/util/function/Function
Event: 0.165 loading class java/util/function/Function done
Event: 0.166 loading class java/lang/invoke/MethodHandleImpl$2 done
Event: 0.166 loading class java/lang/invoke/MethodHandleImpl$3
Event: 0.166 loading class java/lang/invoke/MethodHandleImpl$3 done
Event: 0.166 loading class java/lang/invoke/MethodHandleImpl$4
Event: 0.166 loading class java/lang/ClassValue
Event: 0.166 loading class java/lang/ClassValue done
Event: 0.166 loading class java/lang/invoke/MethodHandleImpl$4 done


Dynamic libraries:
0x000000013f620000 - 0x000000013f657000 	C:\Program Files\Java\jdk1.8.0_131\bin\java.exe
0x0000000077700000 - 0x00000000778aa000 	C:\Windows\SYSTEM32\ntdll.dll
0x00000000775e0000 - 0x00000000776ff000 	C:\Windows\system32\kernel32.dll
0x000007fefd820000 - 0x000007fefd88a000 	C:\Windows\system32\KERNELBASE.dll
0x000007fefe530000 - 0x000007fefe60b000 	C:\Windows\system32\ADVAPI32.dll
0x000007feff790000 - 0x000007feff82f000 	C:\Windows\system32\msvcrt.dll
0x000007fefe780000 - 0x000007fefe79f000 	C:\Windows\SYSTEM32\sechost.dll
0x000007fefe400000 - 0x000007fefe52d000 	C:\Windows\system32\RPCRT4.dll
0x00000000773a0000 - 0x000000007749a000 	C:\Windows\system32\USER32.dll
0x000007fefd930000 - 0x000007fefd997000 	C:\Windows\system32\GDI32.dll
0x000007fefdad0000 - 0x000007fefdade000 	C:\Windows\system32\LPK.dll
0x000007fefe610000 - 0x000007fefe6db000 	C:\Windows\system32\USP10.dll
0x000007fefbd70000 - 0x000007fefbf64000 	C:\Windows\WinSxS\amd64_microsoft.windows.common-controls_6595b64144ccf1df_6.0.7601.18837_none_fa3b1e3d17594757\COMCTL32.dll
0x000007fefdd40000 - 0x000007fefddb1000 	C:\Windows\system32\SHLWAPI.dll
0x000007fefdb80000 - 0x000007fefdbae000 	C:\Windows\system32\IMM32.DLL
0x000007fefdfb0000 - 0x000007fefe0b9000 	C:\Windows\system32\MSCTF.dll
0x000007fefd3a0000 - 0x000007fefd3d1000 	C:\Windows\system32\nvinitx.dll
0x000007fefd390000 - 0x000007fefd39c000 	C:\Windows\system32\VERSION.dll
0x000000000f000000 - 0x000000000f006000 	C:\Program Files\NVIDIA Corporation\CoProcManager\detoured.dll
0x000007fefaa80000 - 0x000007fefaab1000 	C:\Program Files\NVIDIA Corporation\CoProcManager\nvd3d9wrapx.dll
0x000007fefddd0000 - 0x000007fefdfa7000 	C:\Windows\system32\SETUPAPI.dll
0x000007fefd740000 - 0x000007fefd776000 	C:\Windows\system32\CFGMGR32.dll
0x000007feff930000 - 0x000007feffa0a000 	C:\Windows\system32\OLEAUT32.dll
0x000007fefe800000 - 0x000007fefe9fc000 	C:\Windows\system32\ole32.dll
0x000007fefd490000 - 0x000007fefd4aa000 	C:\Windows\system32\DEVOBJ.dll
0x000007fefaa40000 - 0x000007fefaa62000 	C:\Program Files\NVIDIA Corporation\CoProcManager\nvdxgiwrapx.dll
0x000000006d6f0000 - 0x000000006d7c2000 	C:\Program Files\Java\jdk1.8.0_131\jre\bin\msvcr100.dll
0x0000000059ef0000 - 0x000000005a78c000 	C:\Program Files\Java\jdk1.8.0_131\jre\bin\server\jvm.dll
0x000007fef8b10000 - 0x000007fef8b19000 	C:\Windows\system32\WSOCK32.dll
0x000007fefe320000 - 0x000007fefe36d000 	C:\Windows\system32\WS2_32.dll
0x000007fefddc0000 - 0x000007fefddc8000 	C:\Windows\system32\NSI.dll
0x0000000000160000 - 0x000000000019b000 	C:\Windows\system32\WINMM.dll
0x00000000778d0000 - 0x00000000778d7000 	C:\Windows\system32\PSAPI.DLL
0x00000000739a0000 - 0x00000000739af000 	C:\Program Files\Java\jdk1.8.0_131\jre\bin\verify.dll
0x000000006d6c0000 - 0x000000006d6e9000 	C:\Program Files\Java\jdk1.8.0_131\jre\bin\java.dll
0x000000006cb40000 - 0x000000006cb56000 	C:\Program Files\Java\jdk1.8.0_131\jre\bin\zip.dll
0x000007fefea00000 - 0x000007feff78a000 	C:\Windows\system32\SHELL32.dll
0x000007fefd3e0000 - 0x000007fefd3ef000 	C:\Windows\system32\profapi.dll

VM Arguments:
jvm_args: -Djava.awt.headless=true -Xmx1024M -Dfile.encoding=GBK -Duser.country=CN -Duser.language=zh -Duser.variant 
java_command: com.android.dx.command.Main --dex --force-jumbo --num-threads=4 --multi-dex --output E:\Tools\Android\work2\MyTool\app\build\intermediates\transforms\dex\debug\folders\1000\2\gson-2.2.4_06654e156795942d0865a3ff126ea99fb7b1d472 E:\Tools\Android\work2\MyTool\app\libs\gson-2.2.4.jar
java_class_path (initial): E:\Tools\Android\sdk-it\sdk\build-tools\25.0.0\lib\dx.jar
Launcher Type: SUN_STANDARD

Environment Variables:
JAVA_HOME=C:\Program Files\Java\jdk1.7.0_79
CLASSPATH=.;C:\Program Files\Java\jdk1.7.0_79\lib\dt.jar;C:\Program Files\Java\jdk1.7.0_79\lib\tools.jar
PATH=C:\ProgramData\Oracle\Java\javapath;C:\Program Files (x86)\Common Files\NetSarang;C:\Windows\system32;C:\Windows;C:\Windows\System32\Wbem;C:\Windows\System32\WindowsPowerShell\v1.0\;E:\Tools\Android\android-studio1\platform-tools;C:\Program Files\Apache Software Foundation\Tomcat 7.0\bin;E:\MySql\mysql-5.6.29-winx64\bin;C:\Program Files\Java\jdk1.7.0_79\bin;C:\Program Files\Java\jdk1.7.0_79\jre\bin;F:\TOOL\Android\ADT\SDK\adt-bundle-windows-x86_64-20131030\sdkplatform-tools;F:\TOOL\Android\ADT\SDK\adt-bundle-windows-x86_64-20131030\sdk\tools;F:\TOOL\Android\ADT\SDK\adt-bundle-windows-x86_64-20131030\eclipse\plugins\org.apache.ant_1.8.3.v201301120609\bin;;C:\Program Files (x86)\NVIDIA Corporation\PhysX\Common;C:\Program Files\Common Files\Autodesk Shared\;C:\Program Files (x86)\Autodesk\Backburner\;C:\Python27;C:\Program Files\Android\Android Studio1\gradle\bin;E:\Tools\Android\sdk-it\sdk\platform-tools;
USERNAME=Administrator
OS=Windows_NT
PROCESSOR_IDENTIFIER=Intel64 Family 6 Model 42 Stepping 7, GenuineIntel



---------------  S Y S T E M  ---------------

OS: